<?xml version="1.0" encoding="UTF-8"?>
<coverage generated="1597293418062" clover="3.2.0">
  <project timestamp="1597293418062" name="All files">
    <metrics statements="11" coveredstatements="8" conditionals="0" coveredconditionals="0" methods="4" coveredmethods="0" elements="15" coveredelements="8" complexity="0" loc="11" ncloc="11" packages="1" files="1" classes="1"/>
    <file name="database.js" path="/Users/andrew/Documents/HackReactor/fec-main-carousel/database/database.js">
      <metrics statements="11" coveredstatements="8" conditionals="0" coveredconditionals="0" methods="4" coveredmethods="0"/>
      <line num="2" count="1" type="stmt"/>
      <line num="4" count="1" type="stmt"/>
      <line num="6" count="1" type="stmt"/>
      <line num="7" count="1" type="stmt"/>
      <line num="10" count="1" type="stmt"/>
      <line num="18" count="1" type="stmt"/>
      <line num="21" count="1" type="stmt"/>
      <line num="22" count="0" type="stmt"/>
      <line num="24" count="0" type="stmt"/>
      <line num="27" count="0" type="stmt"/>
      <line num="31" count="1" type="stmt"/>
    </file>
  </project>
</coverage>
